[ 50%] [32mBuilding CXX object CMakeFiles/hello_qt.dir/src/hello_qt.cpp.o[0m
[01m[K/home/zyx/ros2_learn/node/chapt3/topic_practice_ws/src/status_display/src/hello_qt.cpp:[m[K In function â€˜[01m[Kint main(int, char**)[m[Kâ€™:
[01m[K/home/zyx/ros2_learn/node/chapt3/topic_practice_ws/src/status_display/src/hello_qt.cpp:13:5:[m[K [01;31m[Kerror: [m[Kâ€˜[01m[KQLable[m[Kâ€™ was not declared in this scope; did you mean â€˜[01m[KQLabel[m[Kâ€™?
   13 |     [01;31m[KQLable[m[K* label = new QLabel();
      |     [01;31m[K^~~~~~[m[K
      |     [32m[KQLabel[m[K
[01m[K/home/zyx/ros2_learn/node/chapt3/topic_practice_ws/src/status_display/src/hello_qt.cpp:13:13:[m[K [01;31m[Kerror: [m[Kâ€˜[01m[Klabel[m[Kâ€™ was not declared in this scope; did you mean â€˜[01m[KQLabel[m[Kâ€™?
   13 |     QLable* [01;31m[Klabel[m[K = new QLabel();
      |             [01;31m[K^~~~~[m[K
      |             [32m[KQLabel[m[K
gmake[2]: *** [CMakeFiles/hello_qt.dir/build.make:76ï¼šCMakeFiles/hello_qt.dir/src/hello_qt.cpp.o] é”™è¯¯ 1
gmake[1]: *** [CMakeFiles/Makefile2:137ï¼šCMakeFiles/hello_qt.dir/all] é”™è¯¯ 2
gmake: *** [Makefile:146ï¼šall] é”™è¯¯ 2
